<?xml version="1.0" encoding="UTF-8"?>
<!-- Generated by org.testng.reporters.JUnitReportReporter -->
<testsuite hostname="DESKTOP-N749LR5" failures="0" tests="2" name="AutomationTutorial.SubmitOrder" time="29.474" errors="0" timestamp="2024-05-24T19:01:06 EDT" skipped="0">
  <testcase classname="AutomationTutorial.SubmitOrder" name="submitOrder" time="13.043"/>
  <testcase classname="AutomationTutorial.SubmitOrder" name="submitOrder" time="16.431"/>
</testsuite> <!-- AutomationTutorial.SubmitOrder -->
